Command line invocation:
    /Applications/Xcode.app/Contents/Developer/usr/bin/xcodebuild -project OpenClawShieldMenuBar.xcodeproj -scheme OpenClawShieldMenuBar -configuration Debug build

2026-02-03 21:43:40.973 xcodebuild[72522:8651454] [MT] IDERunDestination: Supported platforms for the buildables in the current scheme is empty.
--- xcodebuild: WARNING: Using the first of multiple matching destinations:
{ platform:macOS, arch:x86_64, id:9A5B5EB5-73ED-5E43-BC36-AF0B7FFD5A2D, name:My Mac }
{ platform:macOS, name:Any Mac }
ComputePackagePrebuildTargetDependencyGraph

Prepare packages

CreateBuildRequest

SendProjectDescription

CreateBuildOperation

ComputeTargetDependencyGraph
note: Building targets in dependency order
note: Target dependency graph (1 target)
    Target 'OpenClawShieldMenuBar' in project 'OpenClawShieldMenuBar' (no dependencies)

GatherProvisioningInputs

CreateBuildDescription

ExecuteExternalTool /Applications/Xcode.app/Contents/Developer/Toolchains/XcodeDefault.xctoolchain/usr/bin/clang -v -E -dM -isysroot /Applications/Xcode.app/Contents/Developer/Platforms/MacOSX.platform/Developer/SDKs/MacOSX26.2.sdk -x c -c /dev/null

ExecuteExternalTool /Applications/Xcode.app/Contents/Developer/Toolchains/XcodeDefault.xctoolchain/usr/bin/swiftc --version

ExecuteExternalTool /Applications/Xcode.app/Contents/Developer/Toolchains/XcodeDefault.xctoolchain/usr/bin/ld -version_details

Build description signature: f831a4a8d25f822e7f92f3fb4649bc26
Build description path: /Users/guvengultepe/Library/Developer/Xcode/DerivedData/OpenClawShieldMenuBar-fxsnrpedehdbhkfnvtxixnydvkrc/Build/Intermediates.noindex/XCBuildData/f831a4a8d25f822e7f92f3fb4649bc26.xcbuilddata
CreateBuildDirectory /Users/guvengultepe/Library/Developer/Xcode/DerivedData/OpenClawShieldMenuBar-fxsnrpedehdbhkfnvtxixnydvkrc/Build/Intermediates.noindex
    cd /Users/guvengultepe/Projects/openclaw-shield-menubar/OpenClawShieldMenuBar.xcodeproj
    builtin-create-build-directory /Users/guvengultepe/Library/Developer/Xcode/DerivedData/OpenClawShieldMenuBar-fxsnrpedehdbhkfnvtxixnydvkrc/Build/Intermediates.noindex

CreateBuildDirectory /Users/guvengultepe/Library/Developer/Xcode/DerivedData/OpenClawShieldMenuBar-fxsnrpedehdbhkfnvtxixnydvkrc/Build/Products
    cd /Users/guvengultepe/Projects/openclaw-shield-menubar/OpenClawShieldMenuBar.xcodeproj
    builtin-create-build-directory /Users/guvengultepe/Library/Developer/Xcode/DerivedData/OpenClawShieldMenuBar-fxsnrpedehdbhkfnvtxixnydvkrc/Build/Products

ClangStatCache /Applications/Xcode.app/Contents/Developer/Toolchains/XcodeDefault.xctoolchain/usr/bin/clang-stat-cache /Applications/Xcode.app/Contents/Developer/Platforms/MacOSX.platform/Developer/SDKs/MacOSX26.2.sdk /Users/guvengultepe/Library/Developer/Xcode/DerivedData/SDKStatCaches.noindex/macosx26.2-25C57-00fa09913b459cbbc988d1f6730289ae.sdkstatcache
    cd /Users/guvengultepe/Projects/openclaw-shield-menubar/OpenClawShieldMenuBar.xcodeproj
    /Applications/Xcode.app/Contents/Developer/Toolchains/XcodeDefault.xctoolchain/usr/bin/clang-stat-cache /Applications/Xcode.app/Contents/Developer/Platforms/MacOSX.platform/Developer/SDKs/MacOSX26.2.sdk -o /Users/guvengultepe/Library/Developer/Xcode/DerivedData/SDKStatCaches.noindex/macosx26.2-25C57-00fa09913b459cbbc988d1f6730289ae.sdkstatcache

CreateBuildDirectory /Users/guvengultepe/Library/Developer/Xcode/DerivedData/OpenClawShieldMenuBar-fxsnrpedehdbhkfnvtxixnydvkrc/Build/Intermediates.noindex/ExplicitPrecompiledModules
    cd /Users/guvengultepe/Projects/openclaw-shield-menubar/OpenClawShieldMenuBar.xcodeproj
    builtin-create-build-directory /Users/guvengultepe/Library/Developer/Xcode/DerivedData/OpenClawShieldMenuBar-fxsnrpedehdbhkfnvtxixnydvkrc/Build/Intermediates.noindex/ExplicitPrecompiledModules

CreateBuildDirectory /Users/guvengultepe/Library/Developer/Xcode/DerivedData/OpenClawShieldMenuBar-fxsnrpedehdbhkfnvtxixnydvkrc/Build/Intermediates.noindex/SwiftExplicitPrecompiledModules
    cd /Users/guvengultepe/Projects/openclaw-shield-menubar/OpenClawShieldMenuBar.xcodeproj
    builtin-create-build-directory /Users/guvengultepe/Library/Developer/Xcode/DerivedData/OpenClawShieldMenuBar-fxsnrpedehdbhkfnvtxixnydvkrc/Build/Intermediates.noindex/SwiftExplicitPrecompiledModules

CreateBuildDirectory /Users/guvengultepe/Library/Developer/Xcode/DerivedData/OpenClawShieldMenuBar-fxsnrpedehdbhkfnvtxixnydvkrc/Build/Intermediates.noindex/EagerLinkingTBDs/Debug
    cd /Users/guvengultepe/Projects/openclaw-shield-menubar/OpenClawShieldMenuBar.xcodeproj
    builtin-create-build-directory /Users/guvengultepe/Library/Developer/Xcode/DerivedData/OpenClawShieldMenuBar-fxsnrpedehdbhkfnvtxixnydvkrc/Build/Intermediates.noindex/EagerLinkingTBDs/Debug

WriteAuxiliaryFile /Users/guvengultepe/Library/Developer/Xcode/DerivedData/OpenClawShieldMenuBar-fxsnrpedehdbhkfnvtxixnydvkrc/Build/Intermediates.noindex/OpenClawShieldMenuBar.build/Debug/OpenClawShieldMenuBar-53b47fd15145db3b48fcc1f166037bfb-VFS/all-product-headers.yaml
    cd /Users/guvengultepe/Projects/openclaw-shield-menubar/OpenClawShieldMenuBar.xcodeproj
    write-file /Users/guvengultepe/Library/Developer/Xcode/DerivedData/OpenClawShieldMenuBar-fxsnrpedehdbhkfnvtxixnydvkrc/Build/Intermediates.noindex/OpenClawShieldMenuBar.build/Debug/OpenClawShieldMenuBar-53b47fd15145db3b48fcc1f166037bfb-VFS/all-product-headers.yaml

CreateBuildDirectory /Users/guvengultepe/Library/Developer/Xcode/DerivedData/OpenClawShieldMenuBar-fxsnrpedehdbhkfnvtxixnydvkrc/Build/Products/Debug
    cd /Users/guvengultepe/Projects/openclaw-shield-menubar/OpenClawShieldMenuBar.xcodeproj
    builtin-create-build-directory /Users/guvengultepe/Library/Developer/Xcode/DerivedData/OpenClawShieldMenuBar-fxsnrpedehdbhkfnvtxixnydvkrc/Build/Products/Debug

WriteAuxiliaryFile /Users/guvengultepe/Library/Developer/Xcode/DerivedData/OpenClawShieldMenuBar-fxsnrpedehdbhkfnvtxixnydvkrc/Build/Intermediates.noindex/OpenClawShieldMenuBar.build/Debug/OpenClawShieldMenuBar.build/OpenClawShieldMenuBar.DependencyMetadataFileList (in target 'OpenClawShieldMenuBar' from project 'OpenClawShieldMenuBar')
    cd /Users/guvengultepe/Projects/openclaw-shield-menubar
    write-file /Users/guvengultepe/Library/Developer/Xcode/DerivedData/OpenClawShieldMenuBar-fxsnrpedehdbhkfnvtxixnydvkrc/Build/Intermediates.noindex/OpenClawShieldMenuBar.build/Debug/OpenClawShieldMenuBar.build/OpenClawShieldMenuBar.DependencyMetadataFileList

WriteAuxiliaryFile /Users/guvengultepe/Library/Developer/Xcode/DerivedData/OpenClawShieldMenuBar-fxsnrpedehdbhkfnvtxixnydvkrc/Build/Intermediates.noindex/OpenClawShieldMenuBar.build/Debug/OpenClawShieldMenuBar.build/OpenClawShieldMenuBar.DependencyStaticMetadataFileList (in target 'OpenClawShieldMenuBar' from project 'OpenClawShieldMenuBar')
    cd /Users/guvengultepe/Projects/openclaw-shield-menubar
    write-file /Users/guvengultepe/Library/Developer/Xcode/DerivedData/OpenClawShieldMenuBar-fxsnrpedehdbhkfnvtxixnydvkrc/Build/Intermediates.noindex/OpenClawShieldMenuBar.build/Debug/OpenClawShieldMenuBar.build/OpenClawShieldMenuBar.DependencyStaticMetadataFileList

WriteAuxiliaryFile /Users/guvengultepe/Library/Developer/Xcode/DerivedData/OpenClawShieldMenuBar-fxsnrpedehdbhkfnvtxixnydvkrc/Build/Intermediates.noindex/OpenClawShieldMenuBar.build/Debug/OpenClawShieldMenuBar.build/OpenClawShieldMenuBar-project-headers.hmap (in target 'OpenClawShieldMenuBar' from project 'OpenClawShieldMenuBar')
    cd /Users/guvengultepe/Projects/openclaw-shield-menubar
    write-file /Users/guvengultepe/Library/Developer/Xcode/DerivedData/OpenClawShieldMenuBar-fxsnrpedehdbhkfnvtxixnydvkrc/Build/Intermediates.noindex/OpenClawShieldMenuBar.build/Debug/OpenClawShieldMenuBar.build/OpenClawShieldMenuBar-project-headers.hmap

WriteAuxiliaryFile /Users/guvengultepe/Library/Developer/Xcode/DerivedData/OpenClawShieldMenuBar-fxsnrpedehdbhkfnvtxixnydvkrc/Build/Intermediates.noindex/OpenClawShieldMenuBar.build/Debug/OpenClawShieldMenuBar.build/OpenClawShieldMenuBar-all-target-headers.hmap (in target 'OpenClawShieldMenuBar' from project 'OpenClawShieldMenuBar')
    cd /Users/guvengultepe/Projects/openclaw-shield-menubar
    write-file /Users/guvengultepe/Library/Developer/Xcode/DerivedData/OpenClawShieldMenuBar-fxsnrpedehdbhkfnvtxixnydvkrc/Build/Intermediates.noindex/OpenClawShieldMenuBar.build/Debug/OpenClawShieldMenuBar.build/OpenClawShieldMenuBar-all-target-headers.hmap

WriteAuxiliaryFile /Users/guvengultepe/Library/Developer/Xcode/DerivedData/OpenClawShieldMenuBar-fxsnrpedehdbhkfnvtxixnydvkrc/Build/Intermediates.noindex/OpenClawShieldMenuBar.build/Debug/OpenClawShieldMenuBar.build/OpenClawShieldMenuBar-generated-files.hmap (in target 'OpenClawShieldMenuBar' from project 'OpenClawShieldMenuBar')
    cd /Users/guvengultepe/Projects/openclaw-shield-menubar
    write-file /Users/guvengultepe/Library/Developer/Xcode/DerivedData/OpenClawShieldMenuBar-fxsnrpedehdbhkfnvtxixnydvkrc/Build/Intermediates.noindex/OpenClawShieldMenuBar.build/Debug/OpenClawShieldMenuBar.build/OpenClawShieldMenuBar-generated-files.hmap

WriteAuxiliaryFile /Users/guvengultepe/Library/Developer/Xcode/DerivedData/OpenClawShieldMenuBar-fxsnrpedehdbhkfnvtxixnydvkrc/Build/Intermediates.noindex/OpenClawShieldMenuBar.build/Debug/OpenClawShieldMenuBar.build/OpenClawShieldMenuBar-own-target-headers.hmap (in target 'OpenClawShieldMenuBar' from project 'OpenClawShieldMenuBar')
    cd /Users/guvengultepe/Projects/openclaw-shield-menubar
    write-file /Users/guvengultepe/Library/Developer/Xcode/DerivedData/OpenClawShieldMenuBar-fxsnrpedehdbhkfnvtxixnydvkrc/Build/Intermediates.noindex/OpenClawShieldMenuBar.build/Debug/OpenClawShieldMenuBar.build/OpenClawShieldMenuBar-own-target-headers.hmap

WriteAuxiliaryFile /Users/guvengultepe/Library/Developer/Xcode/DerivedData/OpenClawShieldMenuBar-fxsnrpedehdbhkfnvtxixnydvkrc/Build/Intermediates.noindex/OpenClawShieldMenuBar.build/Debug/OpenClawShieldMenuBar.build/OpenClawShieldMenuBar.hmap (in target 'OpenClawShieldMenuBar' from project 'OpenClawShieldMenuBar')
    cd /Users/guvengultepe/Projects/openclaw-shield-menubar
    write-file /Users/guvengultepe/Library/Developer/Xcode/DerivedData/OpenClawShieldMenuBar-fxsnrpedehdbhkfnvtxixnydvkrc/Build/Intermediates.noindex/OpenClawShieldMenuBar.build/Debug/OpenClawShieldMenuBar.build/OpenClawShieldMenuBar.hmap

WriteAuxiliaryFile /Users/guvengultepe/Library/Developer/Xcode/DerivedData/OpenClawShieldMenuBar-fxsnrpedehdbhkfnvtxixnydvkrc/Build/Intermediates.noindex/OpenClawShieldMenuBar.build/Debug/OpenClawShieldMenuBar.build/OpenClawShieldMenuBar-all-non-framework-target-headers.hmap (in target 'OpenClawShieldMenuBar' from project 'OpenClawShieldMenuBar')
    cd /Users/guvengultepe/Projects/openclaw-shield-menubar
    write-file /Users/guvengultepe/Library/Developer/Xcode/DerivedData/OpenClawShieldMenuBar-fxsnrpedehdbhkfnvtxixnydvkrc/Build/Intermediates.noindex/OpenClawShieldMenuBar.build/Debug/OpenClawShieldMenuBar.build/OpenClawShieldMenuBar-all-non-framework-target-headers.hmap

WriteAuxiliaryFile /Users/guvengultepe/Library/Developer/Xcode/DerivedData/OpenClawShieldMenuBar-fxsnrpedehdbhkfnvtxixnydvkrc/Build/Intermediates.noindex/OpenClawShieldMenuBar.build/Debug/OpenClawShieldMenuBar.build/OpenClawShieldMenuBar-DebugDylibInstallName-normal-x86_64.txt (in target 'OpenClawShieldMenuBar' from project 'OpenClawShieldMenuBar')
    cd /Users/guvengultepe/Projects/openclaw-shield-menubar
    write-file /Users/guvengultepe/Library/Developer/Xcode/DerivedData/OpenClawShieldMenuBar-fxsnrpedehdbhkfnvtxixnydvkrc/Build/Intermediates.noindex/OpenClawShieldMenuBar.build/Debug/OpenClawShieldMenuBar.build/OpenClawShieldMenuBar-DebugDylibInstallName-normal-x86_64.txt

WriteAuxiliaryFile /Users/guvengultepe/Library/Developer/Xcode/DerivedData/OpenClawShieldMenuBar-fxsnrpedehdbhkfnvtxixnydvkrc/Build/Intermediates.noindex/OpenClawShieldMenuBar.build/Debug/OpenClawShieldMenuBar.build/OpenClawShieldMenuBar-DebugDylibPath-normal-x86_64.txt (in target 'OpenClawShieldMenuBar' from project 'OpenClawShieldMenuBar')
    cd /Users/guvengultepe/Projects/openclaw-shield-menubar
    write-file /Users/guvengultepe/Library/Developer/Xcode/DerivedData/OpenClawShieldMenuBar-fxsnrpedehdbhkfnvtxixnydvkrc/Build/Intermediates.noindex/OpenClawShieldMenuBar.build/Debug/OpenClawShieldMenuBar.build/OpenClawShieldMenuBar-DebugDylibPath-normal-x86_64.txt

WriteAuxiliaryFile /Users/guvengultepe/Library/Developer/Xcode/DerivedData/OpenClawShieldMenuBar-fxsnrpedehdbhkfnvtxixnydvkrc/Build/Intermediates.noindex/OpenClawShieldMenuBar.build/Debug/OpenClawShieldMenuBar.build/Objects-normal/x86_64/OpenClawShieldMenuBar.SwiftFileList (in target 'OpenClawShieldMenuBar' from project 'OpenClawShieldMenuBar')
    cd /Users/guvengultepe/Projects/openclaw-shield-menubar
    write-file /Users/guvengultepe/Library/Developer/Xcode/DerivedData/OpenClawShieldMenuBar-fxsnrpedehdbhkfnvtxixnydvkrc/Build/Intermediates.noindex/OpenClawShieldMenuBar.build/Debug/OpenClawShieldMenuBar.build/Objects-normal/x86_64/OpenClawShieldMenuBar.SwiftFileList

WriteAuxiliaryFile /Users/guvengultepe/Library/Developer/Xcode/DerivedData/OpenClawShieldMenuBar-fxsnrpedehdbhkfnvtxixnydvkrc/Build/Intermediates.noindex/OpenClawShieldMenuBar.build/Debug/OpenClawShieldMenuBar.build/Objects-normal/x86_64/OpenClawShieldMenuBar_const_extract_protocols.json (in target 'OpenClawShieldMenuBar' from project 'OpenClawShieldMenuBar')
    cd /Users/guvengultepe/Projects/openclaw-shield-menubar
    write-file /Users/guvengultepe/Library/Developer/Xcode/DerivedData/OpenClawShieldMenuBar-fxsnrpedehdbhkfnvtxixnydvkrc/Build/Intermediates.noindex/OpenClawShieldMenuBar.build/Debug/OpenClawShieldMenuBar.build/Objects-normal/x86_64/OpenClawShieldMenuBar_const_extract_protocols.json

WriteAuxiliaryFile /Users/guvengultepe/Library/Developer/Xcode/DerivedData/OpenClawShieldMenuBar-fxsnrpedehdbhkfnvtxixnydvkrc/Build/Intermediates.noindex/OpenClawShieldMenuBar.build/Debug/OpenClawShieldMenuBar.build/Objects-normal/x86_64/OpenClawShieldMenuBar.SwiftConstValuesFileList (in target 'OpenClawShieldMenuBar' from project 'OpenClawShieldMenuBar')
    cd /Users/guvengultepe/Projects/openclaw-shield-menubar
    write-file /Users/guvengultepe/Library/Developer/Xcode/DerivedData/OpenClawShieldMenuBar-fxsnrpedehdbhkfnvtxixnydvkrc/Build/Intermediates.noindex/OpenClawShieldMenuBar.build/Debug/OpenClawShieldMenuBar.build/Objects-normal/x86_64/OpenClawShieldMenuBar.SwiftConstValuesFileList

WriteAuxiliaryFile /Users/guvengultepe/Library/Developer/Xcode/DerivedData/OpenClawShieldMenuBar-fxsnrpedehdbhkfnvtxixnydvkrc/Build/Intermediates.noindex/OpenClawShieldMenuBar.build/Debug/OpenClawShieldMenuBar.build/Objects-normal/x86_64/OpenClawShieldMenuBar.LinkFileList (in target 'OpenClawShieldMenuBar' from project 'OpenClawShieldMenuBar')
    cd /Users/guvengultepe/Projects/openclaw-shield-menubar
    write-file /Users/guvengultepe/Library/Developer/Xcode/DerivedData/OpenClawShieldMenuBar-fxsnrpedehdbhkfnvtxixnydvkrc/Build/Intermediates.noindex/OpenClawShieldMenuBar.build/Debug/OpenClawShieldMenuBar.build/Objects-normal/x86_64/OpenClawShieldMenuBar.LinkFileList

WriteAuxiliaryFile /Users/guvengultepe/Library/Developer/Xcode/DerivedData/OpenClawShieldMenuBar-fxsnrpedehdbhkfnvtxixnydvkrc/Build/Intermediates.noindex/OpenClawShieldMenuBar.build/Debug/OpenClawShieldMenuBar.build/Objects-normal/x86_64/OpenClawShieldMenuBar-OutputFileMap.json (in target 'OpenClawShieldMenuBar' from project 'OpenClawShieldMenuBar')
    cd /Users/guvengultepe/Projects/openclaw-shield-menubar
    write-file /Users/guvengultepe/Library/Developer/Xcode/DerivedData/OpenClawShieldMenuBar-fxsnrpedehdbhkfnvtxixnydvkrc/Build/Intermediates.noindex/OpenClawShieldMenuBar.build/Debug/OpenClawShieldMenuBar.build/Objects-normal/x86_64/OpenClawShieldMenuBar-OutputFileMap.json

MkDir /Users/guvengultepe/Library/Developer/Xcode/DerivedData/OpenClawShieldMenuBar-fxsnrpedehdbhkfnvtxixnydvkrc/Build/Products/Debug/OpenClawShieldMenuBar.app (in target 'OpenClawShieldMenuBar' from project 'OpenClawShieldMenuBar')
    cd /Users/guvengultepe/Projects/openclaw-shield-menubar
    /bin/mkdir -p /Users/guvengultepe/Library/Developer/Xcode/DerivedData/OpenClawShieldMenuBar-fxsnrpedehdbhkfnvtxixnydvkrc/Build/Products/Debug/OpenClawShieldMenuBar.app

MkDir /Users/guvengultepe/Library/Developer/Xcode/DerivedData/OpenClawShieldMenuBar-fxsnrpedehdbhkfnvtxixnydvkrc/Build/Products/Debug/OpenClawShieldMenuBar.app/Contents (in target 'OpenClawShieldMenuBar' from project 'OpenClawShieldMenuBar')
    cd /Users/guvengultepe/Projects/openclaw-shield-menubar
    /bin/mkdir -p /Users/guvengultepe/Library/Developer/Xcode/DerivedData/OpenClawShieldMenuBar-fxsnrpedehdbhkfnvtxixnydvkrc/Build/Products/Debug/OpenClawShieldMenuBar.app/Contents

WriteAuxiliaryFile /Users/guvengultepe/Library/Developer/Xcode/DerivedData/OpenClawShieldMenuBar-fxsnrpedehdbhkfnvtxixnydvkrc/Build/Intermediates.noindex/OpenClawShieldMenuBar.build/Debug/OpenClawShieldMenuBar.build/DerivedSources/Entitlements.plist (in target 'OpenClawShieldMenuBar' from project 'OpenClawShieldMenuBar')
    cd /Users/guvengultepe/Projects/openclaw-shield-menubar
    write-file /Users/guvengultepe/Library/Developer/Xcode/DerivedData/OpenClawShieldMenuBar-fxsnrpedehdbhkfnvtxixnydvkrc/Build/Intermediates.noindex/OpenClawShieldMenuBar.build/Debug/OpenClawShieldMenuBar.build/DerivedSources/Entitlements.plist

MkDir /Users/guvengultepe/Library/Developer/Xcode/DerivedData/OpenClawShieldMenuBar-fxsnrpedehdbhkfnvtxixnydvkrc/Build/Products/Debug/OpenClawShieldMenuBar.app/Contents/MacOS (in target 'OpenClawShieldMenuBar' from project 'OpenClawShieldMenuBar')
    cd /Users/guvengultepe/Projects/openclaw-shield-menubar
    /bin/mkdir -p /Users/guvengultepe/Library/Developer/Xcode/DerivedData/OpenClawShieldMenuBar-fxsnrpedehdbhkfnvtxixnydvkrc/Build/Products/Debug/OpenClawShieldMenuBar.app/Contents/MacOS

ProcessProductPackaging "" /Users/guvengultepe/Library/Developer/Xcode/DerivedData/OpenClawShieldMenuBar-fxsnrpedehdbhkfnvtxixnydvkrc/Build/Intermediates.noindex/OpenClawShieldMenuBar.build/Debug/OpenClawShieldMenuBar.build/OpenClawShieldMenuBar.app.xcent (in target 'OpenClawShieldMenuBar' from project 'OpenClawShieldMenuBar')
    cd /Users/guvengultepe/Projects/openclaw-shield-menubar
    
    Entitlements:
    
    {
    "com.apple.security.get-task-allow" = 1;
}
    
    builtin-productPackagingUtility -entitlements -format xml -o /Users/guvengultepe/Library/Developer/Xcode/DerivedData/OpenClawShieldMenuBar-fxsnrpedehdbhkfnvtxixnydvkrc/Build/Intermediates.noindex/OpenClawShieldMenuBar.build/Debug/OpenClawShieldMenuBar.build/OpenClawShieldMenuBar.app.xcent

ProcessProductPackagingDER /Users/guvengultepe/Library/Developer/Xcode/DerivedData/OpenClawShieldMenuBar-fxsnrpedehdbhkfnvtxixnydvkrc/Build/Intermediates.noindex/OpenClawShieldMenuBar.build/Debug/OpenClawShieldMenuBar.build/OpenClawShieldMenuBar.app.xcent /Users/guvengultepe/Library/Developer/Xcode/DerivedData/OpenClawShieldMenuBar-fxsnrpedehdbhkfnvtxixnydvkrc/Build/Intermediates.noindex/OpenClawShieldMenuBar.build/Debug/OpenClawShieldMenuBar.build/OpenClawShieldMenuBar.app.xcent.der (in target 'OpenClawShieldMenuBar' from project 'OpenClawShieldMenuBar')
    cd /Users/guvengultepe/Projects/openclaw-shield-menubar
    /usr/bin/derq query -f xml -i /Users/guvengultepe/Library/Developer/Xcode/DerivedData/OpenClawShieldMenuBar-fxsnrpedehdbhkfnvtxixnydvkrc/Build/Intermediates.noindex/OpenClawShieldMenuBar.build/Debug/OpenClawShieldMenuBar.build/OpenClawShieldMenuBar.app.xcent -o /Users/guvengultepe/Library/Developer/Xcode/DerivedData/OpenClawShieldMenuBar-fxsnrpedehdbhkfnvtxixnydvkrc/Build/Intermediates.noindex/OpenClawShieldMenuBar.build/Debug/OpenClawShieldMenuBar.build/OpenClawShieldMenuBar.app.xcent.der --raw

Ld /Users/guvengultepe/Library/Developer/Xcode/DerivedData/OpenClawShieldMenuBar-fxsnrpedehdbhkfnvtxixnydvkrc/Build/Products/Debug/OpenClawShieldMenuBar.app/Contents/MacOS/__preview.dylib normal (in target 'OpenClawShieldMenuBar' from project 'OpenClawShieldMenuBar')
    cd /Users/guvengultepe/Projects/openclaw-shield-menubar
    /Applications/Xcode.app/Contents/Developer/Toolchains/XcodeDefault.xctoolchain/usr/bin/clang -Xlinker -reproducible -target x86_64-apple-macos13.0 -dynamiclib -isysroot /Applications/Xcode.app/Contents/Developer/Platforms/MacOSX.platform/Developer/SDKs/MacOSX26.2.sdk -O0 -L/Users/guvengultepe/Library/Developer/Xcode/DerivedData/OpenClawShieldMenuBar-fxsnrpedehdbhkfnvtxixnydvkrc/Build/Products/Debug -F/Users/guvengultepe/Library/Developer/Xcode/DerivedData/OpenClawShieldMenuBar-fxsnrpedehdbhkfnvtxixnydvkrc/Build/Products/Debug -install_name @rpath/OpenClawShieldMenuBar.debug.dylib -rdynamic -Xlinker -no_deduplicate -Xlinker -dependency_info -Xlinker /Users/guvengultepe/Library/Developer/Xcode/DerivedData/OpenClawShieldMenuBar-fxsnrpedehdbhkfnvtxixnydvkrc/Build/Intermediates.noindex/OpenClawShieldMenuBar.build/Debug/OpenClawShieldMenuBar.build/Objects-normal/x86_64/OpenClawShieldMenuBar_dependency_info.dat -Xlinker -no_adhoc_codesign -o /Users/guvengultepe/Library/Developer/Xcode/DerivedData/OpenClawShieldMenuBar-fxsnrpedehdbhkfnvtxixnydvkrc/Build/Products/Debug/OpenClawShieldMenuBar.app/Contents/MacOS/__preview.dylib

ProcessInfoPlistFile /Users/guvengultepe/Library/Developer/Xcode/DerivedData/OpenClawShieldMenuBar-fxsnrpedehdbhkfnvtxixnydvkrc/Build/Products/Debug/OpenClawShieldMenuBar.app/Contents/Info.plist /Users/guvengultepe/Projects/openclaw-shield-menubar/Info.plist (in target 'OpenClawShieldMenuBar' from project 'OpenClawShieldMenuBar')
    cd /Users/guvengultepe/Projects/openclaw-shield-menubar
    builtin-infoPlistUtility /Users/guvengultepe/Projects/openclaw-shield-menubar/Info.plist -producttype com.apple.product-type.application -genpkginfo /Users/guvengultepe/Library/Developer/Xcode/DerivedData/OpenClawShieldMenuBar-fxsnrpedehdbhkfnvtxixnydvkrc/Build/Products/Debug/OpenClawShieldMenuBar.app/Contents/PkgInfo -expandbuildsettings -platform macosx -o /Users/guvengultepe/Library/Developer/Xcode/DerivedData/OpenClawShieldMenuBar-fxsnrpedehdbhkfnvtxixnydvkrc/Build/Products/Debug/OpenClawShieldMenuBar.app/Contents/Info.plist

SwiftDriver OpenClawShieldMenuBar normal x86_64 com.apple.xcode.tools.swift.compiler (in target 'OpenClawShieldMenuBar' from project 'OpenClawShieldMenuBar')
    cd /Users/guvengultepe/Projects/openclaw-shield-menubar
    builtin-SwiftDriver -- /Applications/Xcode.app/Contents/Developer/Toolchains/XcodeDefault.xctoolchain/usr/bin/swiftc -module-name OpenClawShieldMenuBar -Onone -enforce-exclusivity\=checked @/Users/guvengultepe/Library/Developer/Xcode/DerivedData/OpenClawShieldMenuBar-fxsnrpedehdbhkfnvtxixnydvkrc/Build/Intermediates.noindex/OpenClawShieldMenuBar.build/Debug/OpenClawShieldMenuBar.build/Objects-normal/x86_64/OpenClawShieldMenuBar.SwiftFileList -DDEBUG -enable-bare-slash-regex -enable-experimental-feature DebugDescriptionMacro -sdk /Applications/Xcode.app/Contents/Developer/Platforms/MacOSX.platform/Developer/SDKs/MacOSX26.2.sdk -target x86_64-apple-macos13.0 -g -module-cache-path /Users/guvengultepe/Library/Developer/Xcode/DerivedData/ModuleCache.noindex -Xfrontend -serialize-debugging-options -enable-testing -index-store-path /Users/guvengultepe/Library/Developer/Xcode/DerivedData/OpenClawShieldMenuBar-fxsnrpedehdbhkfnvtxixnydvkrc/Index.noindex/DataStore -Xcc -D_LIBCPP_HARDENING_MODE\=_LIBCPP_HARDENING_MODE_DEBUG -swift-version 5 -I /Users/guvengultepe/Library/Developer/Xcode/DerivedData/OpenClawShieldMenuBar-fxsnrpedehdbhkfnvtxixnydvkrc/Build/Products/Debug -F /Users/guvengultepe/Library/Developer/Xcode/DerivedData/OpenClawShieldMenuBar-fxsnrpedehdbhkfnvtxixnydvkrc/Build/Products/Debug -c -j8 -enable-batch-mode -incremental -Xcc -ivfsstatcache -Xcc /Users/guvengultepe/Library/Developer/Xcode/DerivedData/SDKStatCaches.noindex/macosx26.2-25C57-00fa09913b459cbbc988d1f6730289ae.sdkstatcache -output-file-map /Users/guvengultepe/Library/Developer/Xcode/DerivedData/OpenClawShieldMenuBar-fxsnrpedehdbhkfnvtxixnydvkrc/Build/Intermediates.noindex/OpenClawShieldMenuBar.build/Debug/OpenClawShieldMenuBar.build/Objects-normal/x86_64/OpenClawShieldMenuBar-OutputFileMap.json -use-frontend-parseable-output -save-temps -no-color-diagnostics -explicit-module-build -module-cache-path /Users/guvengultepe/Library/Developer/Xcode/DerivedData/OpenClawShieldMenuBar-fxsnrpedehdbhkfnvtxixnydvkrc/Build/Intermediates.noindex/SwiftExplicitPrecompiledModules -clang-scanner-module-cache-path /Users/guvengultepe/Library/Developer/Xcode/DerivedData/ModuleCache.noindex -sdk-module-cache-path /Users/guvengultepe/Library/Developer/Xcode/DerivedData/ModuleCache.noindex -serialize-diagnostics -emit-dependencies -emit-module -emit-module-path /Users/guvengultepe/Library/Developer/Xcode/DerivedData/OpenClawShieldMenuBar-fxsnrpedehdbhkfnvtxixnydvkrc/Build/Intermediates.noindex/OpenClawShieldMenuBar.build/Debug/OpenClawShieldMenuBar.build/Objects-normal/x86_64/OpenClawShieldMenuBar.swiftmodule -validate-clang-modules-once -clang-build-session-file /Users/guvengultepe/Library/Developer/Xcode/DerivedData/ModuleCache.noindex/Session.modulevalidation -Xcc -I/Users/guvengultepe/Library/Developer/Xcode/DerivedData/OpenClawShieldMenuBar-fxsnrpedehdbhkfnvtxixnydvkrc/Build/Intermediates.noindex/OpenClawShieldMenuBar.build/Debug/OpenClawShieldMenuBar.build/swift-overrides.hmap -emit-const-values -Xfrontend -const-gather-protocols-file -Xfrontend /Users/guvengultepe/Library/Developer/Xcode/DerivedData/OpenClawShieldMenuBar-fxsnrpedehdbhkfnvtxixnydvkrc/Build/Intermediates.noindex/OpenClawShieldMenuBar.build/Debug/OpenClawShieldMenuBar.build/Objects-normal/x86_64/OpenClawShieldMenuBar_const_extract_protocols.json -Xcc -iquote -Xcc /Users/guvengultepe/Library/Developer/Xcode/DerivedData/OpenClawShieldMenuBar-fxsnrpedehdbhkfnvtxixnydvkrc/Build/Intermediates.noindex/OpenClawShieldMenuBar.build/Debug/OpenClawShieldMenuBar.build/OpenClawShieldMenuBar-generated-files.hmap -Xcc -I/Users/guvengultepe/Library/Developer/Xcode/DerivedData/OpenClawShieldMenuBar-fxsnrpedehdbhkfnvtxixnydvkrc/Build/Intermediates.noindex/OpenClawShieldMenuBar.build/Debug/OpenClawShieldMenuBar.build/OpenClawShieldMenuBar-own-target-headers.hmap -Xcc -I/Users/guvengultepe/Library/Developer/Xcode/DerivedData/OpenClawShieldMenuBar-fxsnrpedehdbhkfnvtxixnydvkrc/Build/Intermediates.noindex/OpenClawShieldMenuBar.build/Debug/OpenClawShieldMenuBar.build/OpenClawShieldMenuBar-all-target-headers.hmap -Xcc -iquote -Xcc /Users/guvengultepe/Library/Developer/Xcode/DerivedData/OpenClawShieldMenuBar-fxsnrpedehdbhkfnvtxixnydvkrc/Build/Intermediates.noindex/OpenClawShieldMenuBar.build/Debug/OpenClawShieldMenuBar.build/OpenClawShieldMenuBar-project-headers.hmap -Xcc -I/Users/guvengultepe/Library/Developer/Xcode/DerivedData/OpenClawShieldMenuBar-fxsnrpedehdbhkfnvtxixnydvkrc/Build/Products/Debug/include -Xcc -I/Users/guvengultepe/Library/Developer/Xcode/DerivedData/OpenClawShieldMenuBar-fxsnrpedehdbhkfnvtxixnydvkrc/Build/Intermediates.noindex/OpenClawShieldMenuBar.build/Debug/OpenClawShieldMenuBar.build/DerivedSources-normal/x86_64 -Xcc -I/Users/guvengultepe/Library/Developer/Xcode/DerivedData/OpenClawShieldMenuBar-fxsnrpedehdbhkfnvtxixnydvkrc/Build/Intermediates.noindex/OpenClawShieldMenuBar.build/Debug/OpenClawShieldMenuBar.build/DerivedSources/x86_64 -Xcc -I/Users/guvengultepe/Library/Developer/Xcode/DerivedData/OpenClawShieldMenuBar-fxsnrpedehdbhkfnvtxixnydvkrc/Build/Intermediates.noindex/OpenClawShieldMenuBar.build/Debug/OpenClawShieldMenuBar.build/DerivedSources -Xcc -DDEBUG\=1 -emit-objc-header -emit-objc-header-path /Users/guvengultepe/Library/Developer/Xcode/DerivedData/OpenClawShieldMenuBar-fxsnrpedehdbhkfnvtxixnydvkrc/Build/Intermediates.noindex/OpenClawShieldMenuBar.build/Debug/OpenClawShieldMenuBar.build/Objects-normal/x86_64/OpenClawShieldMenuBar-Swift.h -working-directory /Users/guvengultepe/Projects/openclaw-shield-menubar -experimental-emit-module-separately -disable-cmo

SwiftEmitModule normal x86_64 Emitting\ module\ for\ OpenClawShieldMenuBar (in target 'OpenClawShieldMenuBar' from project 'OpenClawShieldMenuBar')

EmitSwiftModule normal x86_64 (in target 'OpenClawShieldMenuBar' from project 'OpenClawShieldMenuBar')
    cd /Users/guvengultepe/Projects/openclaw-shield-menubar
    

SwiftCompile normal x86_64 Compiling\ OpenClawShieldMenuBarApp.swift /Users/guvengultepe/Projects/openclaw-shield-menubar/OpenClawShieldMenuBar/OpenClawShieldMenuBarApp.swift (in target 'OpenClawShieldMenuBar' from project 'OpenClawShieldMenuBar')
SwiftCompile normal x86_64 /Users/guvengultepe/Projects/openclaw-shield-menubar/OpenClawShieldMenuBar/OpenClawShieldMenuBarApp.swift (in target 'OpenClawShieldMenuBar' from project 'OpenClawShieldMenuBar')
    cd /Users/guvengultepe/Projects/openclaw-shield-menubar
    

SwiftCompile normal x86_64 Compiling\ SecurityScanner.swift /Users/guvengultepe/Projects/openclaw-shield-menubar/OpenClawShieldMenuBar/SecurityScanner.swift (in target 'OpenClawShieldMenuBar' from project 'OpenClawShieldMenuBar')
SwiftCompile normal x86_64 /Users/guvengultepe/Projects/openclaw-shield-menubar/OpenClawShieldMenuBar/SecurityScanner.swift (in target 'OpenClawShieldMenuBar' from project 'OpenClawShieldMenuBar')
    cd /Users/guvengultepe/Projects/openclaw-shield-menubar
    

SwiftCompile normal x86_64 Compiling\ ContentView.swift /Users/guvengultepe/Projects/openclaw-shield-menubar/OpenClawShieldMenuBar/ContentView.swift (in target 'OpenClawShieldMenuBar' from project 'OpenClawShieldMenuBar')
SwiftCompile normal x86_64 /Users/guvengultepe/Projects/openclaw-shield-menubar/OpenClawShieldMenuBar/ContentView.swift (in target 'OpenClawShieldMenuBar' from project 'OpenClawShieldMenuBar')
    cd /Users/guvengultepe/Projects/openclaw-shield-menubar
    

SwiftDriverJobDiscovery normal x86_64 Emitting module for OpenClawShieldMenuBar (in target 'OpenClawShieldMenuBar' from project 'OpenClawShieldMenuBar')

SwiftDriver\ Compilation\ Requirements OpenClawShieldMenuBar normal x86_64 com.apple.xcode.tools.swift.compiler (in target 'OpenClawShieldMenuBar' from project 'OpenClawShieldMenuBar')
    cd /Users/guvengultepe/Projects/openclaw-shield-menubar
    builtin-Swift-Compilation-Requirements -- /Applications/Xcode.app/Contents/Developer/Toolchains/XcodeDefault.xctoolchain/usr/bin/swiftc -module-name OpenClawShieldMenuBar -Onone -enforce-exclusivity\=checked @/Users/guvengultepe/Library/Developer/Xcode/DerivedData/OpenClawShieldMenuBar-fxsnrpedehdbhkfnvtxixnydvkrc/Build/Intermediates.noindex/OpenClawShieldMenuBar.build/Debug/OpenClawShieldMenuBar.build/Objects-normal/x86_64/OpenClawShieldMenuBar.SwiftFileList -DDEBUG -enable-bare-slash-regex -enable-experimental-feature DebugDescriptionMacro -sdk /Applications/Xcode.app/Contents/Developer/Platforms/MacOSX.platform/Developer/SDKs/MacOSX26.2.sdk -target x86_64-apple-macos13.0 -g -module-cache-path /Users/guvengultepe/Library/Developer/Xcode/DerivedData/ModuleCache.noindex -Xfrontend -serialize-debugging-options -enable-testing -index-store-path /Users/guvengultepe/Library/Developer/Xcode/DerivedData/OpenClawShieldMenuBar-fxsnrpedehdbhkfnvtxixnydvkrc/Index.noindex/DataStore -Xcc -D_LIBCPP_HARDENING_MODE\=_LIBCPP_HARDENING_MODE_DEBUG -swift-version 5 -I /Users/guvengultepe/Library/Developer/Xcode/DerivedData/OpenClawShieldMenuBar-fxsnrpedehdbhkfnvtxixnydvkrc/Build/Products/Debug -F /Users/guvengultepe/Library/Developer/Xcode/DerivedData/OpenClawShieldMenuBar-fxsnrpedehdbhkfnvtxixnydvkrc/Build/Products/Debug -c -j8 -enable-batch-mode -incremental -Xcc -ivfsstatcache -Xcc /Users/guvengultepe/Library/Developer/Xcode/DerivedData/SDKStatCaches.noindex/macosx26.2-25C57-00fa09913b459cbbc988d1f6730289ae.sdkstatcache -output-file-map /Users/guvengultepe/Library/Developer/Xcode/DerivedData/OpenClawShieldMenuBar-fxsnrpedehdbhkfnvtxixnydvkrc/Build/Intermediates.noindex/OpenClawShieldMenuBar.build/Debug/OpenClawShieldMenuBar.build/Objects-normal/x86_64/OpenClawShieldMenuBar-OutputFileMap.json -use-frontend-parseable-output -save-temps -no-color-diagnostics -explicit-module-build -module-cache-path /Users/guvengultepe/Library/Developer/Xcode/DerivedData/OpenClawShieldMenuBar-fxsnrpedehdbhkfnvtxixnydvkrc/Build/Intermediates.noindex/SwiftExplicitPrecompiledModules -clang-scanner-module-cache-path /Users/guvengultepe/Library/Developer/Xcode/DerivedData/ModuleCache.noindex -sdk-module-cache-path /Users/guvengultepe/Library/Developer/Xcode/DerivedData/ModuleCache.noindex -serialize-diagnostics -emit-dependencies -emit-module -emit-module-path /Users/guvengultepe/Library/Developer/Xcode/DerivedData/OpenClawShieldMenuBar-fxsnrpedehdbhkfnvtxixnydvkrc/Build/Intermediates.noindex/OpenClawShieldMenuBar.build/Debug/OpenClawShieldMenuBar.build/Objects-normal/x86_64/OpenClawShieldMenuBar.swiftmodule -validate-clang-modules-once -clang-build-session-file /Users/guvengultepe/Library/Developer/Xcode/DerivedData/ModuleCache.noindex/Session.modulevalidation -Xcc -I/Users/guvengultepe/Library/Developer/Xcode/DerivedData/OpenClawShieldMenuBar-fxsnrpedehdbhkfnvtxixnydvkrc/Build/Intermediates.noindex/OpenClawShieldMenuBar.build/Debug/OpenClawShieldMenuBar.build/swift-overrides.hmap -emit-const-values -Xfrontend -const-gather-protocols-file -Xfrontend /Users/guvengultepe/Library/Developer/Xcode/DerivedData/OpenClawShieldMenuBar-fxsnrpedehdbhkfnvtxixnydvkrc/Build/Intermediates.noindex/OpenClawShieldMenuBar.build/Debug/OpenClawShieldMenuBar.build/Objects-normal/x86_64/OpenClawShieldMenuBar_const_extract_protocols.json -Xcc -iquote -Xcc /Users/guvengultepe/Library/Developer/Xcode/DerivedData/OpenClawShieldMenuBar-fxsnrpedehdbhkfnvtxixnydvkrc/Build/Intermediates.noindex/OpenClawShieldMenuBar.build/Debug/OpenClawShieldMenuBar.build/OpenClawShieldMenuBar-generated-files.hmap -Xcc -I/Users/guvengultepe/Library/Developer/Xcode/DerivedData/OpenClawShieldMenuBar-fxsnrpedehdbhkfnvtxixnydvkrc/Build/Intermediates.noindex/OpenClawShieldMenuBar.build/Debug/OpenClawShieldMenuBar.build/OpenClawShieldMenuBar-own-target-headers.hmap -Xcc -I/Users/guvengultepe/Library/Developer/Xcode/DerivedData/OpenClawShieldMenuBar-fxsnrpedehdbhkfnvtxixnydvkrc/Build/Intermediates.noindex/OpenClawShieldMenuBar.build/Debug/OpenClawShieldMenuBar.build/OpenClawShieldMenuBar-all-target-headers.hmap -Xcc -iquote -Xcc /Users/guvengultepe/Library/Developer/Xcode/DerivedData/OpenClawShieldMenuBar-fxsnrpedehdbhkfnvtxixnydvkrc/Build/Intermediates.noindex/OpenClawShieldMenuBar.build/Debug/OpenClawShieldMenuBar.build/OpenClawShieldMenuBar-project-headers.hmap -Xcc -I/Users/guvengultepe/Library/Developer/Xcode/DerivedData/OpenClawShieldMenuBar-fxsnrpedehdbhkfnvtxixnydvkrc/Build/Products/Debug/include -Xcc -I/Users/guvengultepe/Library/Developer/Xcode/DerivedData/OpenClawShieldMenuBar-fxsnrpedehdbhkfnvtxixnydvkrc/Build/Intermediates.noindex/OpenClawShieldMenuBar.build/Debug/OpenClawShieldMenuBar.build/DerivedSources-normal/x86_64 -Xcc -I/Users/guvengultepe/Library/Developer/Xcode/DerivedData/OpenClawShieldMenuBar-fxsnrpedehdbhkfnvtxixnydvkrc/Build/Intermediates.noindex/OpenClawShieldMenuBar.build/Debug/OpenClawShieldMenuBar.build/DerivedSources/x86_64 -Xcc -I/Users/guvengultepe/Library/Developer/Xcode/DerivedData/OpenClawShieldMenuBar-fxsnrpedehdbhkfnvtxixnydvkrc/Build/Intermediates.noindex/OpenClawShieldMenuBar.build/Debug/OpenClawShieldMenuBar.build/DerivedSources -Xcc -DDEBUG\=1 -emit-objc-header -emit-objc-header-path /Users/guvengultepe/Library/Developer/Xcode/DerivedData/OpenClawShieldMenuBar-fxsnrpedehdbhkfnvtxixnydvkrc/Build/Intermediates.noindex/OpenClawShieldMenuBar.build/Debug/OpenClawShieldMenuBar.build/Objects-normal/x86_64/OpenClawShieldMenuBar-Swift.h -working-directory /Users/guvengultepe/Projects/openclaw-shield-menubar -experimental-emit-module-separately -disable-cmo

SwiftMergeGeneratedHeaders /Users/guvengultepe/Library/Developer/Xcode/DerivedData/OpenClawShieldMenuBar-fxsnrpedehdbhkfnvtxixnydvkrc/Build/Intermediates.noindex/OpenClawShieldMenuBar.build/Debug/OpenClawShieldMenuBar.build/DerivedSources/OpenClawShieldMenuBar-Swift.h /Users/guvengultepe/Library/Developer/Xcode/DerivedData/OpenClawShieldMenuBar-fxsnrpedehdbhkfnvtxixnydvkrc/Build/Intermediates.noindex/OpenClawShieldMenuBar.build/Debug/OpenClawShieldMenuBar.build/Objects-normal/x86_64/OpenClawShieldMenuBar-Swift.h (in target 'OpenClawShieldMenuBar' from project 'OpenClawShieldMenuBar')
    cd /Users/guvengultepe/Projects/openclaw-shield-menubar
    builtin-swiftHeaderTool -arch x86_64 /Users/guvengultepe/Library/Developer/Xcode/DerivedData/OpenClawShieldMenuBar-fxsnrpedehdbhkfnvtxixnydvkrc/Build/Intermediates.noindex/OpenClawShieldMenuBar.build/Debug/OpenClawShieldMenuBar.build/Objects-normal/x86_64/OpenClawShieldMenuBar-Swift.h -o /Users/guvengultepe/Library/Developer/Xcode/DerivedData/OpenClawShieldMenuBar-fxsnrpedehdbhkfnvtxixnydvkrc/Build/Intermediates.noindex/OpenClawShieldMenuBar.build/Debug/OpenClawShieldMenuBar.build/DerivedSources/OpenClawShieldMenuBar-Swift.h

Copy /Users/guvengultepe/Library/Developer/Xcode/DerivedData/OpenClawShieldMenuBar-fxsnrpedehdbhkfnvtxixnydvkrc/Build/Products/Debug/OpenClawShieldMenuBar.swiftmodule/x86_64-apple-macos.abi.json /Users/guvengultepe/Library/Developer/Xcode/DerivedData/OpenClawShieldMenuBar-fxsnrpedehdbhkfnvtxixnydvkrc/Build/Intermediates.noindex/OpenClawShieldMenuBar.build/Debug/OpenClawShieldMenuBar.build/Objects-normal/x86_64/OpenClawShieldMenuBar.abi.json (in target 'OpenClawShieldMenuBar' from project 'OpenClawShieldMenuBar')
    cd /Users/guvengultepe/Projects/openclaw-shield-menubar
    builtin-copy -exclude .DS_Store -exclude CVS -exclude .svn -exclude .git -exclude .hg -resolve-src-symlinks -rename /Users/guvengultepe/Library/Developer/Xcode/DerivedData/OpenClawShieldMenuBar-fxsnrpedehdbhkfnvtxixnydvkrc/Build/Intermediates.noindex/OpenClawShieldMenuBar.build/Debug/OpenClawShieldMenuBar.build/Objects-normal/x86_64/OpenClawShieldMenuBar.abi.json /Users/guvengultepe/Library/Developer/Xcode/DerivedData/OpenClawShieldMenuBar-fxsnrpedehdbhkfnvtxixnydvkrc/Build/Products/Debug/OpenClawShieldMenuBar.swiftmodule/x86_64-apple-macos.abi.json

Copy /Users/guvengultepe/Library/Developer/Xcode/DerivedData/OpenClawShieldMenuBar-fxsnrpedehdbhkfnvtxixnydvkrc/Build/Products/Debug/OpenClawShieldMenuBar.swiftmodule/x86_64-apple-macos.swiftmodule /Users/guvengultepe/Library/Developer/Xcode/DerivedData/OpenClawShieldMenuBar-fxsnrpedehdbhkfnvtxixnydvkrc/Build/Intermediates.noindex/OpenClawShieldMenuBar.build/Debug/OpenClawShieldMenuBar.build/Objects-normal/x86_64/OpenClawShieldMenuBar.swiftmodule (in target 'OpenClawShieldMenuBar' from project 'OpenClawShieldMenuBar')
    cd /Users/guvengultepe/Projects/openclaw-shield-menubar
    builtin-copy -exclude .DS_Store -exclude CVS -exclude .svn -exclude .git -exclude .hg -resolve-src-symlinks -rename /Users/guvengultepe/Library/Developer/Xcode/DerivedData/OpenClawShieldMenuBar-fxsnrpedehdbhkfnvtxixnydvkrc/Build/Intermediates.noindex/OpenClawShieldMenuBar.build/Debug/OpenClawShieldMenuBar.build/Objects-normal/x86_64/OpenClawShieldMenuBar.swiftmodule /Users/guvengultepe/Library/Developer/Xcode/DerivedData/OpenClawShieldMenuBar-fxsnrpedehdbhkfnvtxixnydvkrc/Build/Products/Debug/OpenClawShieldMenuBar.swiftmodule/x86_64-apple-macos.swiftmodule

Copy /Users/guvengultepe/Library/Developer/Xcode/DerivedData/OpenClawShieldMenuBar-fxsnrpedehdbhkfnvtxixnydvkrc/Build/Products/Debug/OpenClawShieldMenuBar.swiftmodule/x86_64-apple-macos.swiftdoc /Users/guvengultepe/Library/Developer/Xcode/DerivedData/OpenClawShieldMenuBar-fxsnrpedehdbhkfnvtxixnydvkrc/Build/Intermediates.noindex/OpenClawShieldMenuBar.build/Debug/OpenClawShieldMenuBar.build/Objects-normal/x86_64/OpenClawShieldMenuBar.swiftdoc (in target 'OpenClawShieldMenuBar' from project 'OpenClawShieldMenuBar')
    cd /Users/guvengultepe/Projects/openclaw-shield-menubar
    builtin-copy -exclude .DS_Store -exclude CVS -exclude .svn -exclude .git -exclude .hg -resolve-src-symlinks -rename /Users/guvengultepe/Library/Developer/Xcode/DerivedData/OpenClawShieldMenuBar-fxsnrpedehdbhkfnvtxixnydvkrc/Build/Intermediates.noindex/OpenClawShieldMenuBar.build/Debug/OpenClawShieldMenuBar.build/Objects-normal/x86_64/OpenClawShieldMenuBar.swiftdoc /Users/guvengultepe/Library/Developer/Xcode/DerivedData/OpenClawShieldMenuBar-fxsnrpedehdbhkfnvtxixnydvkrc/Build/Products/Debug/OpenClawShieldMenuBar.swiftmodule/x86_64-apple-macos.swiftdoc

Copy /Users/guvengultepe/Library/Developer/Xcode/DerivedData/OpenClawShieldMenuBar-fxsnrpedehdbhkfnvtxixnydvkrc/Build/Products/Debug/OpenClawShieldMenuBar.swiftmodule/Project/x86_64-apple-macos.swiftsourceinfo /Users/guvengultepe/Library/Developer/Xcode/DerivedData/OpenClawShieldMenuBar-fxsnrpedehdbhkfnvtxixnydvkrc/Build/Intermediates.noindex/OpenClawShieldMenuBar.build/Debug/OpenClawShieldMenuBar.build/Objects-normal/x86_64/OpenClawShieldMenuBar.swiftsourceinfo (in target 'OpenClawShieldMenuBar' from project 'OpenClawShieldMenuBar')
    cd /Users/guvengultepe/Projects/openclaw-shield-menubar
    builtin-copy -exclude .DS_Store -exclude CVS -exclude .svn -exclude .git -exclude .hg -resolve-src-symlinks -rename /Users/guvengultepe/Library/Developer/Xcode/DerivedData/OpenClawShieldMenuBar-fxsnrpedehdbhkfnvtxixnydvkrc/Build/Intermediates.noindex/OpenClawShieldMenuBar.build/Debug/OpenClawShieldMenuBar.build/Objects-normal/x86_64/OpenClawShieldMenuBar.swiftsourceinfo /Users/guvengultepe/Library/Developer/Xcode/DerivedData/OpenClawShieldMenuBar-fxsnrpedehdbhkfnvtxixnydvkrc/Build/Products/Debug/OpenClawShieldMenuBar.swiftmodule/Project/x86_64-apple-macos.swiftsourceinfo

SwiftDriverJobDiscovery normal x86_64 Compiling OpenClawShieldMenuBarApp.swift (in target 'OpenClawShieldMenuBar' from project 'OpenClawShieldMenuBar')

SwiftDriverJobDiscovery normal x86_64 Compiling SecurityScanner.swift (in target 'OpenClawShieldMenuBar' from project 'OpenClawShieldMenuBar')

SwiftDriverJobDiscovery normal x86_64 Compiling ContentView.swift (in target 'OpenClawShieldMenuBar' from project 'OpenClawShieldMenuBar')

SwiftDriver\ Compilation OpenClawShieldMenuBar normal x86_64 com.apple.xcode.tools.swift.compiler (in target 'OpenClawShieldMenuBar' from project 'OpenClawShieldMenuBar')
    cd /Users/guvengultepe/Projects/openclaw-shield-menubar
    builtin-Swift-Compilation -- /Applications/Xcode.app/Contents/Developer/Toolchains/XcodeDefault.xctoolchain/usr/bin/swiftc -module-name OpenClawShieldMenuBar -Onone -enforce-exclusivity\=checked @/Users/guvengultepe/Library/Developer/Xcode/DerivedData/OpenClawShieldMenuBar-fxsnrpedehdbhkfnvtxixnydvkrc/Build/Intermediates.noindex/OpenClawShieldMenuBar.build/Debug/OpenClawShieldMenuBar.build/Objects-normal/x86_64/OpenClawShieldMenuBar.SwiftFileList -DDEBUG -enable-bare-slash-regex -enable-experimental-feature DebugDescriptionMacro -sdk /Applications/Xcode.app/Contents/Developer/Platforms/MacOSX.platform/Developer/SDKs/MacOSX26.2.sdk -target x86_64-apple-macos13.0 -g -module-cache-path /Users/guvengultepe/Library/Developer/Xcode/DerivedData/ModuleCache.noindex -Xfrontend -serialize-debugging-options -enable-testing -index-store-path /Users/guvengultepe/Library/Developer/Xcode/DerivedData/OpenClawShieldMenuBar-fxsnrpedehdbhkfnvtxixnydvkrc/Index.noindex/DataStore -Xcc -D_LIBCPP_HARDENING_MODE\=_LIBCPP_HARDENING_MODE_DEBUG -swift-version 5 -I /Users/guvengultepe/Library/Developer/Xcode/DerivedData/OpenClawShieldMenuBar-fxsnrpedehdbhkfnvtxixnydvkrc/Build/Products/Debug -F /Users/guvengultepe/Library/Developer/Xcode/DerivedData/OpenClawShieldMenuBar-fxsnrpedehdbhkfnvtxixnydvkrc/Build/Products/Debug -c -j8 -enable-batch-mode -incremental -Xcc -ivfsstatcache -Xcc /Users/guvengultepe/Library/Developer/Xcode/DerivedData/SDKStatCaches.noindex/macosx26.2-25C57-00fa09913b459cbbc988d1f6730289ae.sdkstatcache -output-file-map /Users/guvengultepe/Library/Developer/Xcode/DerivedData/OpenClawShieldMenuBar-fxsnrpedehdbhkfnvtxixnydvkrc/Build/Intermediates.noindex/OpenClawShieldMenuBar.build/Debug/OpenClawShieldMenuBar.build/Objects-normal/x86_64/OpenClawShieldMenuBar-OutputFileMap.json -use-frontend-parseable-output -save-temps -no-color-diagnostics -explicit-module-build -module-cache-path /Users/guvengultepe/Library/Developer/Xcode/DerivedData/OpenClawShieldMenuBar-fxsnrpedehdbhkfnvtxixnydvkrc/Build/Intermediates.noindex/SwiftExplicitPrecompiledModules -clang-scanner-module-cache-path /Users/guvengultepe/Library/Developer/Xcode/DerivedData/ModuleCache.noindex -sdk-module-cache-path /Users/guvengultepe/Library/Developer/Xcode/DerivedData/ModuleCache.noindex -serialize-diagnostics -emit-dependencies -emit-module -emit-module-path /Users/guvengultepe/Library/Developer/Xcode/DerivedData/OpenClawShieldMenuBar-fxsnrpedehdbhkfnvtxixnydvkrc/Build/Intermediates.noindex/OpenClawShieldMenuBar.build/Debug/OpenClawShieldMenuBar.build/Objects-normal/x86_64/OpenClawShieldMenuBar.swiftmodule -validate-clang-modules-once -clang-build-session-file /Users/guvengultepe/Library/Developer/Xcode/DerivedData/ModuleCache.noindex/Session.modulevalidation -Xcc -I/Users/guvengultepe/Library/Developer/Xcode/DerivedData/OpenClawShieldMenuBar-fxsnrpedehdbhkfnvtxixnydvkrc/Build/Intermediates.noindex/OpenClawShieldMenuBar.build/Debug/OpenClawShieldMenuBar.build/swift-overrides.hmap -emit-const-values -Xfrontend -const-gather-protocols-file -Xfrontend /Users/guvengultepe/Library/Developer/Xcode/DerivedData/OpenClawShieldMenuBar-fxsnrpedehdbhkfnvtxixnydvkrc/Build/Intermediates.noindex/OpenClawShieldMenuBar.build/Debug/OpenClawShieldMenuBar.build/Objects-normal/x86_64/OpenClawShieldMenuBar_const_extract_protocols.json -Xcc -iquote -Xcc /Users/guvengultepe/Library/Developer/Xcode/DerivedData/OpenClawShieldMenuBar-fxsnrpedehdbhkfnvtxixnydvkrc/Build/Intermediates.noindex/OpenClawShieldMenuBar.build/Debug/OpenClawShieldMenuBar.build/OpenClawShieldMenuBar-generated-files.hmap -Xcc -I/Users/guvengultepe/Library/Developer/Xcode/DerivedData/OpenClawShieldMenuBar-fxsnrpedehdbhkfnvtxixnydvkrc/Build/Intermediates.noindex/OpenClawShieldMenuBar.build/Debug/OpenClawShieldMenuBar.build/OpenClawShieldMenuBar-own-target-headers.hmap -Xcc -I/Users/guvengultepe/Library/Developer/Xcode/DerivedData/OpenClawShieldMenuBar-fxsnrpedehdbhkfnvtxixnydvkrc/Build/Intermediates.noindex/OpenClawShieldMenuBar.build/Debug/OpenClawShieldMenuBar.build/OpenClawShieldMenuBar-all-target-headers.hmap -Xcc -iquote -Xcc /Users/guvengultepe/Library/Developer/Xcode/DerivedData/OpenClawShieldMenuBar-fxsnrpedehdbhkfnvtxixnydvkrc/Build/Intermediates.noindex/OpenClawShieldMenuBar.build/Debug/OpenClawShieldMenuBar.build/OpenClawShieldMenuBar-project-headers.hmap -Xcc -I/Users/guvengultepe/Library/Developer/Xcode/DerivedData/OpenClawShieldMenuBar-fxsnrpedehdbhkfnvtxixnydvkrc/Build/Products/Debug/include -Xcc -I/Users/guvengultepe/Library/Developer/Xcode/DerivedData/OpenClawShieldMenuBar-fxsnrpedehdbhkfnvtxixnydvkrc/Build/Intermediates.noindex/OpenClawShieldMenuBar.build/Debug/OpenClawShieldMenuBar.build/DerivedSources-normal/x86_64 -Xcc -I/Users/guvengultepe/Library/Developer/Xcode/DerivedData/OpenClawShieldMenuBar-fxsnrpedehdbhkfnvtxixnydvkrc/Build/Intermediates.noindex/OpenClawShieldMenuBar.build/Debug/OpenClawShieldMenuBar.build/DerivedSources/x86_64 -Xcc -I/Users/guvengultepe/Library/Developer/Xcode/DerivedData/OpenClawShieldMenuBar-fxsnrpedehdbhkfnvtxixnydvkrc/Build/Intermediates.noindex/OpenClawShieldMenuBar.build/Debug/OpenClawShieldMenuBar.build/DerivedSources -Xcc -DDEBUG\=1 -emit-objc-header -emit-objc-header-path /Users/guvengultepe/Library/Developer/Xcode/DerivedData/OpenClawShieldMenuBar-fxsnrpedehdbhkfnvtxixnydvkrc/Build/Intermediates.noindex/OpenClawShieldMenuBar.build/Debug/OpenClawShieldMenuBar.build/Objects-normal/x86_64/OpenClawShieldMenuBar-Swift.h -working-directory /Users/guvengultepe/Projects/openclaw-shield-menubar -experimental-emit-module-separately -disable-cmo

Ld /Users/guvengultepe/Library/Developer/Xcode/DerivedData/OpenClawShieldMenuBar-fxsnrpedehdbhkfnvtxixnydvkrc/Build/Products/Debug/OpenClawShieldMenuBar.app/Contents/MacOS/OpenClawShieldMenuBar.debug.dylib normal (in target 'OpenClawShieldMenuBar' from project 'OpenClawShieldMenuBar')
    cd /Users/guvengultepe/Projects/openclaw-shield-menubar
    /Applications/Xcode.app/Contents/Developer/Toolchains/XcodeDefault.xctoolchain/usr/bin/clang -Xlinker -reproducible -target x86_64-apple-macos13.0 -dynamiclib -isysroot /Applications/Xcode.app/Contents/Developer/Platforms/MacOSX.platform/Developer/SDKs/MacOSX26.2.sdk -O0 -L/Users/guvengultepe/Library/Developer/Xcode/DerivedData/OpenClawShieldMenuBar-fxsnrpedehdbhkfnvtxixnydvkrc/Build/Intermediates.noindex/EagerLinkingTBDs/Debug -L/Users/guvengultepe/Library/Developer/Xcode/DerivedData/OpenClawShieldMenuBar-fxsnrpedehdbhkfnvtxixnydvkrc/Build/Products/Debug -F/Users/guvengultepe/Library/Developer/Xcode/DerivedData/OpenClawShieldMenuBar-fxsnrpedehdbhkfnvtxixnydvkrc/Build/Intermediates.noindex/EagerLinkingTBDs/Debug -F/Users/guvengultepe/Library/Developer/Xcode/DerivedData/OpenClawShieldMenuBar-fxsnrpedehdbhkfnvtxixnydvkrc/Build/Products/Debug -filelist /Users/guvengultepe/Library/Developer/Xcode/DerivedData/OpenClawShieldMenuBar-fxsnrpedehdbhkfnvtxixnydvkrc/Build/Intermediates.noindex/OpenClawShieldMenuBar.build/Debug/OpenClawShieldMenuBar.build/Objects-normal/x86_64/OpenClawShieldMenuBar.LinkFileList -install_name @rpath/OpenClawShieldMenuBar.debug.dylib -Xlinker -rpath -Xlinker /usr/lib/swift -Xlinker -rpath -Xlinker @executable_path/../Frameworks -Xlinker -object_path_lto -Xlinker /Users/guvengultepe/Library/Developer/Xcode/DerivedData/OpenClawShieldMenuBar-fxsnrpedehdbhkfnvtxixnydvkrc/Build/Intermediates.noindex/OpenClawShieldMenuBar.build/Debug/OpenClawShieldMenuBar.build/Objects-normal/x86_64/OpenClawShieldMenuBar_lto.o -rdynamic -Xlinker -no_deduplicate -Xlinker -dependency_info -Xlinker /Users/guvengultepe/Library/Developer/Xcode/DerivedData/OpenClawShieldMenuBar-fxsnrpedehdbhkfnvtxixnydvkrc/Build/Intermediates.noindex/OpenClawShieldMenuBar.build/Debug/OpenClawShieldMenuBar.build/Objects-normal/x86_64/OpenClawShieldMenuBar_dependency_info.dat -fobjc-link-runtime -L/Applications/Xcode.app/Contents/Developer/Toolchains/XcodeDefault.xctoolchain/usr/lib/swift/macosx -L/usr/lib/swift -Xlinker -add_ast_path -Xlinker /Users/guvengultepe/Library/Developer/Xcode/DerivedData/OpenClawShieldMenuBar-fxsnrpedehdbhkfnvtxixnydvkrc/Build/Intermediates.noindex/OpenClawShieldMenuBar.build/Debug/OpenClawShieldMenuBar.build/Objects-normal/x86_64/OpenClawShieldMenuBar.swiftmodule @/Users/guvengultepe/Library/Developer/Xcode/DerivedData/OpenClawShieldMenuBar-fxsnrpedehdbhkfnvtxixnydvkrc/Build/Intermediates.noindex/OpenClawShieldMenuBar.build/Debug/OpenClawShieldMenuBar.build/Objects-normal/x86_64/OpenClawShieldMenuBar-linker-args.resp -Xlinker -alias -Xlinker _main -Xlinker ___debug_main_executable_dylib_entry_point -Xlinker -no_adhoc_codesign -o /Users/guvengultepe/Library/Developer/Xcode/DerivedData/OpenClawShieldMenuBar-fxsnrpedehdbhkfnvtxixnydvkrc/Build/Products/Debug/OpenClawShieldMenuBar.app/Contents/MacOS/OpenClawShieldMenuBar.debug.dylib

ConstructStubExecutorLinkFileList /Users/guvengultepe/Library/Developer/Xcode/DerivedData/OpenClawShieldMenuBar-fxsnrpedehdbhkfnvtxixnydvkrc/Build/Intermediates.noindex/OpenClawShieldMenuBar.build/Debug/OpenClawShieldMenuBar.build/OpenClawShieldMenuBar-ExecutorLinkFileList-normal-x86_64.txt (in target 'OpenClawShieldMenuBar' from project 'OpenClawShieldMenuBar')
    cd /Users/guvengultepe/Projects/openclaw-shield-menubar
    construct-stub-executor-link-file-list /Users/guvengultepe/Library/Developer/Xcode/DerivedData/OpenClawShieldMenuBar-fxsnrpedehdbhkfnvtxixnydvkrc/Build/Products/Debug/OpenClawShieldMenuBar.app/Contents/MacOS/OpenClawShieldMenuBar.debug.dylib /Applications/Xcode.app/Contents/Developer/Platforms/MacOSX.platform/Developer/usr/lib/libPreviewsJITStubExecutor_no_swift_entry_point.a /Applications/Xcode.app/Contents/Developer/Platforms/MacOSX.platform/Developer/usr/lib/libPreviewsJITStubExecutor.a --output /Users/guvengultepe/Library/Developer/Xcode/DerivedData/OpenClawShieldMenuBar-fxsnrpedehdbhkfnvtxixnydvkrc/Build/Intermediates.noindex/OpenClawShieldMenuBar.build/Debug/OpenClawShieldMenuBar.build/OpenClawShieldMenuBar-ExecutorLinkFileList-normal-x86_64.txt
note: Using stub executor library with Swift entry point. (in target 'OpenClawShieldMenuBar' from project 'OpenClawShieldMenuBar')

Ld /Users/guvengultepe/Library/Developer/Xcode/DerivedData/OpenClawShieldMenuBar-fxsnrpedehdbhkfnvtxixnydvkrc/Build/Products/Debug/OpenClawShieldMenuBar.app/Contents/MacOS/OpenClawShieldMenuBar normal (in target 'OpenClawShieldMenuBar' from project 'OpenClawShieldMenuBar')
    cd /Users/guvengultepe/Projects/openclaw-shield-menubar
    /Applications/Xcode.app/Contents/Developer/Toolchains/XcodeDefault.xctoolchain/usr/bin/clang -Xlinker -reproducible -target x86_64-apple-macos13.0 -isysroot /Applications/Xcode.app/Contents/Developer/Platforms/MacOSX.platform/Developer/SDKs/MacOSX26.2.sdk -O0 -L/Users/guvengultepe/Library/Developer/Xcode/DerivedData/OpenClawShieldMenuBar-fxsnrpedehdbhkfnvtxixnydvkrc/Build/Products/Debug -F/Users/guvengultepe/Library/Developer/Xcode/DerivedData/OpenClawShieldMenuBar-fxsnrpedehdbhkfnvtxixnydvkrc/Build/Products/Debug -Xlinker -rpath -Xlinker @executable_path -Xlinker -rpath -Xlinker @executable_path/../Frameworks -rdynamic -Xlinker -no_deduplicate -e ___debug_blank_executor_main -Xlinker -sectcreate -Xlinker __TEXT -Xlinker __debug_dylib -Xlinker /Users/guvengultepe/Library/Developer/Xcode/DerivedData/OpenClawShieldMenuBar-fxsnrpedehdbhkfnvtxixnydvkrc/Build/Intermediates.noindex/OpenClawShieldMenuBar.build/Debug/OpenClawShieldMenuBar.build/OpenClawShieldMenuBar-DebugDylibPath-normal-x86_64.txt -Xlinker -sectcreate -Xlinker __TEXT -Xlinker __debug_instlnm -Xlinker /Users/guvengultepe/Library/Developer/Xcode/DerivedData/OpenClawShieldMenuBar-fxsnrpedehdbhkfnvtxixnydvkrc/Build/Intermediates.noindex/OpenClawShieldMenuBar.build/Debug/OpenClawShieldMenuBar.build/OpenClawShieldMenuBar-DebugDylibInstallName-normal-x86_64.txt -Xlinker -filelist -Xlinker /Users/guvengultepe/Library/Developer/Xcode/DerivedData/OpenClawShieldMenuBar-fxsnrpedehdbhkfnvtxixnydvkrc/Build/Intermediates.noindex/OpenClawShieldMenuBar.build/Debug/OpenClawShieldMenuBar.build/OpenClawShieldMenuBar-ExecutorLinkFileList-normal-x86_64.txt /Users/guvengultepe/Library/Developer/Xcode/DerivedData/OpenClawShieldMenuBar-fxsnrpedehdbhkfnvtxixnydvkrc/Build/Products/Debug/OpenClawShieldMenuBar.app/Contents/MacOS/OpenClawShieldMenuBar.debug.dylib -Xlinker -no_adhoc_codesign -o /Users/guvengultepe/Library/Developer/Xcode/DerivedData/OpenClawShieldMenuBar-fxsnrpedehdbhkfnvtxixnydvkrc/Build/Products/Debug/OpenClawShieldMenuBar.app/Contents/MacOS/OpenClawShieldMenuBar

ExtractAppIntentsMetadata (in target 'OpenClawShieldMenuBar' from project 'OpenClawShieldMenuBar')
    cd /Users/guvengultepe/Projects/openclaw-shield-menubar
    /Applications/Xcode.app/Contents/Developer/Toolchains/XcodeDefault.xctoolchain/usr/bin/appintentsmetadataprocessor --toolchain-dir /Applications/Xcode.app/Contents/Developer/Toolchains/XcodeDefault.xctoolchain --module-name OpenClawShieldMenuBar --sdk-root /Applications/Xcode.app/Contents/Developer/Platforms/MacOSX.platform/Developer/SDKs/MacOSX26.2.sdk --xcode-version 17C52 --platform-family macOS --deployment-target 13.0 --bundle-identifier com.artificialguven.openclawshield.menubar --output /Users/guvengultepe/Library/Developer/Xcode/DerivedData/OpenClawShieldMenuBar-fxsnrpedehdbhkfnvtxixnydvkrc/Build/Products/Debug/OpenClawShieldMenuBar.app/Contents/Resources --target-triple x86_64-apple-macos13.0 --binary-file /Users/guvengultepe/Library/Developer/Xcode/DerivedData/OpenClawShieldMenuBar-fxsnrpedehdbhkfnvtxixnydvkrc/Build/Products/Debug/OpenClawShieldMenuBar.app/Contents/MacOS/OpenClawShieldMenuBar --dependency-file /Users/guvengultepe/Library/Developer/Xcode/DerivedData/OpenClawShieldMenuBar-fxsnrpedehdbhkfnvtxixnydvkrc/Build/Intermediates.noindex/OpenClawShieldMenuBar.build/Debug/OpenClawShieldMenuBar.build/Objects-normal/x86_64/OpenClawShieldMenuBar_dependency_info.dat --stringsdata-file /Users/guvengultepe/Library/Developer/Xcode/DerivedData/OpenClawShieldMenuBar-fxsnrpedehdbhkfnvtxixnydvkrc/Build/Intermediates.noindex/OpenClawShieldMenuBar.build/Debug/OpenClawShieldMenuBar.build/Objects-normal/x86_64/ExtractedAppShortcutsMetadata.stringsdata --source-file-list /Users/guvengultepe/Library/Developer/Xcode/DerivedData/OpenClawShieldMenuBar-fxsnrpedehdbhkfnvtxixnydvkrc/Build/Intermediates.noindex/OpenClawShieldMenuBar.build/Debug/OpenClawShieldMenuBar.build/Objects-normal/x86_64/OpenClawShieldMenuBar.SwiftFileList --metadata-file-list /Users/guvengultepe/Library/Developer/Xcode/DerivedData/OpenClawShieldMenuBar-fxsnrpedehdbhkfnvtxixnydvkrc/Build/Intermediates.noindex/OpenClawShieldMenuBar.build/Debug/OpenClawShieldMenuBar.build/OpenClawShieldMenuBar.DependencyMetadataFileList --static-metadata-file-list /Users/guvengultepe/Library/Developer/Xcode/DerivedData/OpenClawShieldMenuBar-fxsnrpedehdbhkfnvtxixnydvkrc/Build/Intermediates.noindex/OpenClawShieldMenuBar.build/Debug/OpenClawShieldMenuBar.build/OpenClawShieldMenuBar.DependencyStaticMetadataFileList --swift-const-vals-list /Users/guvengultepe/Library/Developer/Xcode/DerivedData/OpenClawShieldMenuBar-fxsnrpedehdbhkfnvtxixnydvkrc/Build/Intermediates.noindex/OpenClawShieldMenuBar.build/Debug/OpenClawShieldMenuBar.build/Objects-normal/x86_64/OpenClawShieldMenuBar.SwiftConstValuesFileList --compile-time-extraction --deployment-aware-processing --validate-assistant-intents --no-app-shortcuts-localization
2026-02-03 21:43:44.699 appintentsmetadataprocessor[72555:8651750] Starting appintentsmetadataprocessor export
2026-02-03 21:43:44.704 appintentsmetadataprocessor[72555:8651750] warning: Metadata extraction skipped. No AppIntents.framework dependency found.

CopySwiftLibs /Users/guvengultepe/Library/Developer/Xcode/DerivedData/OpenClawShieldMenuBar-fxsnrpedehdbhkfnvtxixnydvkrc/Build/Products/Debug/OpenClawShieldMenuBar.app (in target 'OpenClawShieldMenuBar' from project 'OpenClawShieldMenuBar')
    cd /Users/guvengultepe/Projects/openclaw-shield-menubar
    builtin-swiftStdLibTool --copy --verbose --sign - --scan-executable /Users/guvengultepe/Library/Developer/Xcode/DerivedData/OpenClawShieldMenuBar-fxsnrpedehdbhkfnvtxixnydvkrc/Build/Products/Debug/OpenClawShieldMenuBar.app/Contents/MacOS/OpenClawShieldMenuBar.debug.dylib --scan-folder /Users/guvengultepe/Library/Developer/Xcode/DerivedData/OpenClawShieldMenuBar-fxsnrpedehdbhkfnvtxixnydvkrc/Build/Products/Debug/OpenClawShieldMenuBar.app/Contents/Frameworks --scan-folder /Users/guvengultepe/Library/Developer/Xcode/DerivedData/OpenClawShieldMenuBar-fxsnrpedehdbhkfnvtxixnydvkrc/Build/Products/Debug/OpenClawShieldMenuBar.app/Contents/PlugIns --scan-folder /Users/guvengultepe/Library/Developer/Xcode/DerivedData/OpenClawShieldMenuBar-fxsnrpedehdbhkfnvtxixnydvkrc/Build/Products/Debug/OpenClawShieldMenuBar.app/Contents/Library/SystemExtensions --scan-folder /Users/guvengultepe/Library/Developer/Xcode/DerivedData/OpenClawShieldMenuBar-fxsnrpedehdbhkfnvtxixnydvkrc/Build/Products/Debug/OpenClawShieldMenuBar.app/Contents/Extensions --platform macosx --toolchain /Applications/Xcode.app/Contents/Developer/Toolchains/XcodeDefault.xctoolchain --destination /Users/guvengultepe/Library/Developer/Xcode/DerivedData/OpenClawShieldMenuBar-fxsnrpedehdbhkfnvtxixnydvkrc/Build/Products/Debug/OpenClawShieldMenuBar.app/Contents/Frameworks --strip-bitcode --strip-bitcode-tool /Applications/Xcode.app/Contents/Developer/Toolchains/XcodeDefault.xctoolchain/usr/bin/bitcode_strip --emit-dependency-info /Users/guvengultepe/Library/Developer/Xcode/DerivedData/OpenClawShieldMenuBar-fxsnrpedehdbhkfnvtxixnydvkrc/Build/Intermediates.noindex/OpenClawShieldMenuBar.build/Debug/OpenClawShieldMenuBar.build/SwiftStdLibToolInputDependencies.dep --filter-for-swift-os --back-deploy-swift-span

CodeSign /Users/guvengultepe/Library/Developer/Xcode/DerivedData/OpenClawShieldMenuBar-fxsnrpedehdbhkfnvtxixnydvkrc/Build/Products/Debug/OpenClawShieldMenuBar.app/Contents/MacOS/OpenClawShieldMenuBar.debug.dylib (in target 'OpenClawShieldMenuBar' from project 'OpenClawShieldMenuBar')
    cd /Users/guvengultepe/Projects/openclaw-shield-menubar
    
    Signing Identity:     "Sign to Run Locally"
    
    /usr/bin/codesign --force --sign - --timestamp\=none --generate-entitlement-der /Users/guvengultepe/Library/Developer/Xcode/DerivedData/OpenClawShieldMenuBar-fxsnrpedehdbhkfnvtxixnydvkrc/Build/Products/Debug/OpenClawShieldMenuBar.app/Contents/MacOS/OpenClawShieldMenuBar.debug.dylib

CodeSign /Users/guvengultepe/Library/Developer/Xcode/DerivedData/OpenClawShieldMenuBar-fxsnrpedehdbhkfnvtxixnydvkrc/Build/Products/Debug/OpenClawShieldMenuBar.app/Contents/MacOS/__preview.dylib (in target 'OpenClawShieldMenuBar' from project 'OpenClawShieldMenuBar')
    cd /Users/guvengultepe/Projects/openclaw-shield-menubar
    
    Signing Identity:     "Sign to Run Locally"
    
    /usr/bin/codesign --force --sign - --timestamp\=none --generate-entitlement-der /Users/guvengultepe/Library/Developer/Xcode/DerivedData/OpenClawShieldMenuBar-fxsnrpedehdbhkfnvtxixnydvkrc/Build/Products/Debug/OpenClawShieldMenuBar.app/Contents/MacOS/__preview.dylib

CodeSign /Users/guvengultepe/Library/Developer/Xcode/DerivedData/OpenClawShieldMenuBar-fxsnrpedehdbhkfnvtxixnydvkrc/Build/Products/Debug/OpenClawShieldMenuBar.app (in target 'OpenClawShieldMenuBar' from project 'OpenClawShieldMenuBar')
    cd /Users/guvengultepe/Projects/openclaw-shield-menubar
    
    Signing Identity:     "Sign to Run Locally"
    
    /usr/bin/codesign --force --sign - --entitlements /Users/guvengultepe/Library/Developer/Xcode/DerivedData/OpenClawShieldMenuBar-fxsnrpedehdbhkfnvtxixnydvkrc/Build/Intermediates.noindex/OpenClawShieldMenuBar.build/Debug/OpenClawShieldMenuBar.build/OpenClawShieldMenuBar.app.xcent --timestamp\=none --generate-entitlement-der /Users/guvengultepe/Library/Developer/Xcode/DerivedData/OpenClawShieldMenuBar-fxsnrpedehdbhkfnvtxixnydvkrc/Build/Products/Debug/OpenClawShieldMenuBar.app

RegisterExecutionPolicyException /Users/guvengultepe/Library/Developer/Xcode/DerivedData/OpenClawShieldMenuBar-fxsnrpedehdbhkfnvtxixnydvkrc/Build/Products/Debug/OpenClawShieldMenuBar.app (in target 'OpenClawShieldMenuBar' from project 'OpenClawShieldMenuBar')
    cd /Users/guvengultepe/Projects/openclaw-shield-menubar
    builtin-RegisterExecutionPolicyException /Users/guvengultepe/Library/Developer/Xcode/DerivedData/OpenClawShieldMenuBar-fxsnrpedehdbhkfnvtxixnydvkrc/Build/Products/Debug/OpenClawShieldMenuBar.app

Validate /Users/guvengultepe/Library/Developer/Xcode/DerivedData/OpenClawShieldMenuBar-fxsnrpedehdbhkfnvtxixnydvkrc/Build/Products/Debug/OpenClawShieldMenuBar.app (in target 'OpenClawShieldMenuBar' from project 'OpenClawShieldMenuBar')
    cd /Users/guvengultepe/Projects/openclaw-shield-menubar
    builtin-validationUtility /Users/guvengultepe/Library/Developer/Xcode/DerivedData/OpenClawShieldMenuBar-fxsnrpedehdbhkfnvtxixnydvkrc/Build/Products/Debug/OpenClawShieldMenuBar.app -no-validate-extension -infoplist-subpath Contents/Info.plist

Touch /Users/guvengultepe/Library/Developer/Xcode/DerivedData/OpenClawShieldMenuBar-fxsnrpedehdbhkfnvtxixnydvkrc/Build/Products/Debug/OpenClawShieldMenuBar.app (in target 'OpenClawShieldMenuBar' from project 'OpenClawShieldMenuBar')
    cd /Users/guvengultepe/Projects/openclaw-shield-menubar
    /usr/bin/touch -c /Users/guvengultepe/Library/Developer/Xcode/DerivedData/OpenClawShieldMenuBar-fxsnrpedehdbhkfnvtxixnydvkrc/Build/Products/Debug/OpenClawShieldMenuBar.app

RegisterWithLaunchServices /Users/guvengultepe/Library/Developer/Xcode/DerivedData/OpenClawShieldMenuBar-fxsnrpedehdbhkfnvtxixnydvkrc/Build/Products/Debug/OpenClawShieldMenuBar.app (in target 'OpenClawShieldMenuBar' from project 'OpenClawShieldMenuBar')
    cd /Users/guvengultepe/Projects/openclaw-shield-menubar
    /System/Library/Frameworks/CoreServices.framework/Versions/Current/Frameworks/LaunchServices.framework/Versions/Current/Support/lsregister -f -R -trusted /Users/guvengultepe/Library/Developer/Xcode/DerivedData/OpenClawShieldMenuBar-fxsnrpedehdbhkfnvtxixnydvkrc/Build/Products/Debug/OpenClawShieldMenuBar.app

** BUILD SUCCEEDED **

